2024-09-18 15:56:33,742 [INFO] Page principale récupérée avec succès.
2024-09-18 15:56:33,779 [INFO] Traitement de l'article: Meyer Burger CEO, CFO to depart as company cuts more jobs - URL: https://seekingalpha.com/news/4150657-meyer-burger-ceo-cfo-to-depart-as-company-cuts-more-jobs#source=first_level_url%3Amarket-news%7Csection_asset%3Amain%7Cline%3A1
2024-09-18 15:56:34,966 [INFO] Traitement de l'article: Edwards Lifesciences downgraded at Jefferies on lower TAVR growth - URL: https://seekingalpha.com/news/4150628-edwards-lifesciences-downgraded-jefferies-lower-tavr-growth#source=first_level_url%3Amarket-news%7Csection_asset%3Amain%7Cline%3A2
2024-09-18 15:56:36,196 [INFO] Traitement de l'article: Western Exploration announces fully-allocated non-brokered private placement of C$1.7M - URL: https://seekingalpha.com/news/4150656-western-exploration-announces-fully-allocated-non-brokered-private-placement-of-c17m#source=first_level_url%3Amarket-news%7Csection_asset%3Amain%7Cline%3A3
2024-09-18 15:56:37,384 [INFO] Traitement de l'article: Stellar AfricaGold announces debt settlement - URL: https://seekingalpha.com/news/4150655-stellar-africagold-announces-debt-settlement#source=first_level_url%3Amarket-news%7Csection_asset%3Amain%7Cline%3A4
2024-09-18 15:56:38,594 [INFO] Traitement de l'article: Canaan rated new Buy at B. Riley on growth, competition - URL: https://seekingalpha.com/news/4150654-canaan-rated-new-buy-at-b-riley-on-growth-competition#source=first_level_url%3Amarket-news%7Csection_asset%3Amain%7Cline%3A5
2024-09-18 15:56:39,788 [INFO] Traitement de l'article: SAIC awarded $229M U.S. DoD contract - URL: https://seekingalpha.com/news/4150653-saic-awarded-229m-us-dod-contract#source=first_level_url%3Amarket-news%7Csection_asset%3Amain%7Cline%3A6
2024-09-18 15:56:40,966 [INFO] Traitement de l'article: CION Investments and GCM Grosvenor form strategic partnership - URL: https://seekingalpha.com/news/4150652-cion-investments-and-gcm-grosvenor-form-strategic-partnership#source=first_level_url%3Amarket-news%7Csection_asset%3Amain%7Cline%3A7
2024-09-18 15:56:42,407 [INFO] Traitement de l'article: Bemax gets new purchase order valued at $972.1K - URL: https://seekingalpha.com/news/4150651-bemax-gets-new-purchase-order-valued-at-9721k#source=first_level_url%3Amarket-news%7Csection_asset%3Amain%7Cline%3A8
2024-09-18 15:56:43,632 [INFO] Traitement de l'article: Hybrid Power Solutions receives new restocking order from Colony Hardware - URL: https://seekingalpha.com/news/4150650-hybrid-power-solutions-receives-new-restocking-order-from-colony-hardware#source=first_level_url%3Amarket-news%7Csection_asset%3Amain%7Cline%3A9
2024-09-18 15:56:44,842 [INFO] Traitement de l'article: Intuitive Machines' stock soars on $4.82 NASA contract - URL: https://seekingalpha.com/news/4150649-intuitive-machines-stock-soars-on-482b-nasa-contract#source=first_level_url%3Amarket-news%7Csection_asset%3Amain%7Cline%3A10
2024-09-18 15:56:46,109 [INFO] Traitement de l'article: Super Micro Computer in spotlight as Needham starts with buy rating - URL: https://seekingalpha.com/news/4150648-super-micro-computer-in-spotlight-as-needham-starts-with-buy-rating#source=first_level_url%3Amarket-news%7Csection_asset%3Amain%7Cline%3A11
2024-09-18 15:56:47,335 [INFO] Traitement de l'article: UBS highlights 30 stocks poised for potential moves after the Fed’s expected rate cut - URL: https://seekingalpha.com/news/4150637-ubs-highlights-30-stocks-poised-for-potential-moves-after-the-feds-expected-rate-cut#source=first_level_url%3Amarket-news%7Csection_asset%3Amain%7Cline%3A12
2024-09-18 15:56:48,535 [INFO] Traitement de l'article: Nasdaq, S&P, Dow trade cautiously with rate cuts on the horizon - URL: https://seekingalpha.com/news/4150543-sp500-nasdaq-dow-jones-outlook-interest-rates#source=first_level_url%3Amarket-news%7Csection_asset%3Amain%7Cline%3A13
2024-09-18 15:56:49,859 [INFO] Traitement de l'article: Similarweb announces exercise of underwriters’ option to purchase additional shares - URL: https://seekingalpha.com/news/4150647-similarweb-announces-exercise-of-underwriters-option-to-purchase-additional-shares#source=first_level_url%3Amarket-news%7Csection_asset%3Amain%7Cline%3A14
2024-09-18 15:56:51,201 [INFO] Traitement de l'article: Lionsgate partners with Runway for new AI model, tools to be used in studio work - URL: https://seekingalpha.com/news/4150646-lionsgate-partners-with-runway-for-new-ai-model-tools-to-be-used-in-studio-work#source=first_level_url%3Amarket-news%7Csection_asset%3Amain%7Cline%3A15
2024-09-18 15:56:52,541 [INFO] Traitement de l'article: Saipem secures Saudi Arabia offshore contract worth $2B - URL: https://seekingalpha.com/news/4150645-saipem-secures-saudi-arabia-offshore-contract-worth-2b#source=first_level_url%3Amarket-news%7Csection_asset%3Amain%7Cline%3A16
2024-09-18 15:56:53,811 [INFO] Traitement de l'article: Vista Outdoor rejects latest MNC Capital offer, recommends superior CSG bid - URL: https://seekingalpha.com/news/4150644-vista-outdoor-rejects-latest-mnc-capital-offer-recommends-superior-csg-bid#source=first_level_url%3Amarket-news%7Csection_asset%3Amain%7Cline%3A17
2024-09-18 15:56:55,213 [INFO] Traitement de l'article: U.S. existing home sales seen hitting almost 30-year low in 2024, Fannie Mae says - URL: https://seekingalpha.com/news/4150643-us-existing-home-sales-seen-hitting-almost-30-year-low-in-2024-fannie-mae-says#source=first_level_url%3Amarket-news%7Csection_asset%3Amain%7Cline%3A18
2024-09-18 15:56:56,762 [INFO] Traitement de l'article: Extra Space Storage raised to Buy as Jefferies sees strong revenue growth - URL: https://seekingalpha.com/news/4150642-extra-space-storage-raised-to-buy-as-jefferies-sees-strong-revenue-growth#source=first_level_url%3Amarket-news%7Csection_asset%3Amain%7Cline%3A19
2024-09-18 15:56:58,218 [INFO] Traitement de l'article: Lineage inks pact to deploy 33 Mainspring Linear Generators in the state of Texas - URL: https://seekingalpha.com/news/4150641-lineage-inks-pact-to-deploy-33-mainspring-linear-generators-in-the-state-of-texas#source=first_level_url%3Amarket-news%7Csection_asset%3Amain%7Cline%3A20
2024-09-18 15:56:59,979 [INFO] Traitement de l'article: Applied DNA Sciences regains Nasdaq compliance - URL: https://seekingalpha.com/news/4150640-applied-dna-sciences-regains-nasdaq-compliance#source=first_level_url%3Amarket-news%7Csection_asset%3Amain%7Cline%3A21
2024-09-18 15:57:01,683 [INFO] Traitement de l'article: TJX declares $0.375 dividend - URL: https://seekingalpha.com/news/4150639-tjx-declares-0375-dividend#source=first_level_url%3Amarket-news%7Csection_asset%3Amain%7Cline%3A22
2024-09-18 15:57:03,008 [INFO] Traitement de l'article: Zoom enters into partnership with Mitel - URL: https://seekingalpha.com/news/4150638-zoom-enters-into-partnership-with-mitel#source=first_level_url%3Amarket-news%7Csection_asset%3Amain%7Cline%3A23
2024-09-18 15:57:04,065 [INFO] Traitement de l'article: Confluent invests in Onibex and Psyncopate amid demand for data streaming platforms - URL: https://seekingalpha.com/news/4150636-confluent-invests-in-onibex-and-psyncopate-amid-demand-for-data-streaming-platforms#source=first_level_url%3Amarket-news%7Csection_asset%3Amain%7Cline%3A24
2024-09-18 15:57:05,382 [INFO] Traitement de l'article: SuperCom secures first new contract in New York state, expanding footprint in U.S. - URL: https://seekingalpha.com/news/4150633-supercom-secures-first-new-contract-in-new-york-state-expanding-footprint-in-us#source=first_level_url%3Amarket-news%7Csection_asset%3Amain%7Cline%3A25
2024-09-18 15:57:06,609 [INFO] Les articles ont été enregistrés dans 'articles_with_content.json' avec succès.
